<?xml version="1.0" encoding="UTF-8"?>
<testsuite xmlns:xsi="http://www.w3.org/2001/XMLSchema-instance" xsi:noNamespaceSchemaLocation="https://maven.apache.org/surefire/maven-surefire-plugin/xsd/surefire-test-report.xsd" name="ymp4.TestFunctions" time="0.052" tests="8" errors="0" skipped="0" failures="0">
  <properties>
[...]
</properties>
  <testcase name="testFraction" classname="ymp4.TestFunctions" time="0.024"/>
  <testcase name="testFunctional" classname="ymp4.TestFunctions" time="0"/>
  <testcase name="testLineaEquation" classname="ymp4.TestFunctions" time="0"/>
  <testcase name="testExpIntegral" classname="ymp4.TestFunctions" time="0.004"/>
  <testcase name="testExpEquation" classname="ymp4.TestFunctions" time="0"/>
  <testcase name="testIntegral" classname="ymp4.TestFunctions" time="0.004"/>
  <testcase name="testEquation" classname="ymp4.TestFunctions" time="0"/>
  <testcase name="testSineEquation" classname="ymp4.TestFunctions" time="0.004"/>
</testsuite>